La génération a démarré 23/07/2014 11:26:57.
     1>Projet "D:\LunettesVideo\LunettesVideo\LunettesVideo.vcxproj" sur le nœud 2 (Build cible(s)).
     1>ClCompile:
         C:\Program Files (x86)\Microsoft Visual Studio 11.0\VC\bin\x86_amd64\CL.exe /c /ID:\LunettesVideo\/include /Zi /nologo /W1 /WX- /O2 /Gm- /EHsc /MT /GS /fp:precise /Zc:wchar_t /Zc:forScope /Fo"x64\Release\\" /Fd"x64\Release\vc110.pdb" /Gd /TP /errorReport:prompt Area.cpp
         Area.cpp
       Link:
         C:\Program Files (x86)\Microsoft Visual Studio 11.0\VC\bin\x86_amd64\link.exe /ERRORREPORT:PROMPT /OUT:"D:\LunettesVideo\x64\Release\LunettesVideo.exe" /NOLOGO /LIBPATH:D:\LunettesVideo\/lib/uEye /LIBPATH:D:\LunettesVideo\/lib/OpenCV opencv_core249.lib opencv_features2d249.lib opencv_nonfree249.lib opencv_flann249.lib opencv_gpu249.lib opencv_highgui249.lib opencv_imgproc249.lib opencv_objdetect249.lib opencv_calib3d249.lib uEye_api_64.lib uEye_api.lib kernel32.lib user32.lib gdi32.lib winspool.lib comdlg32.lib advapi32.lib shell32.lib ole32.lib oleaut32.lib uuid.lib odbc32.lib odbccp32.lib /MANIFEST /MANIFESTUAC:"level='asInvoker' uiAccess='false'" /manifest:embed /PDB:"D:\LunettesVideo\x64\Release\LunettesVideo.pdb" /TLBID:1 /DYNAMICBASE /NXCOMPAT /IMPLIB:"D:\LunettesVideo\x64\Release\LunettesVideo.lib" /MACHINE:X64 x64\Release\Area.obj
         x64\Release\Camera.obj
         x64\Release\FPS.obj
         x64\Release\Function.obj
         x64\Release\LunettesVideo.obj
         x64\Release\main.obj
         x64\Release\Matrix.obj
         x64\Release\MyTimer.obj
         x64\Release\OSD.obj
         x64\Release\OsdNode.obj
         x64\Release\Profile.obj
         x64\Release\tinyxml2.obj
         LunettesVideo.vcxproj -> D:\LunettesVideo\x64\Release\LunettesVideo.exe
     1>Génération du projet "D:\LunettesVideo\LunettesVideo\LunettesVideo.vcxproj" terminée (Build cible(s)).

La génération a réussi.

Temps écoulé 00:00:02.33
