La génération a démarré 12/03/2015 17:08:11.
     1>Projet "D:\LunettesVideo\LunettesVideo\LunettesVideo.vcxproj" sur le nœud 3 (Rebuild cible(s)).
     1>ClCompile:
         C:\Program Files (x86)\Microsoft Visual Studio 11.0\VC\bin\x86_amd64\CL.exe /c /ID:\LunettesVideo\/include /Zi /nologo /W1 /WX- /O2 /Gm- /EHsc /MDd /GS /fp:precise /Zc:wchar_t /Zc:forScope /Fo"x64\Debug\\" /Fd"x64\Debug\vc110.pdb" /Gd /TP /errorReport:prompt Area.cpp Camera.cpp FPS.cpp Function.cpp LunettesVideo.cpp main.cpp Matrix.cpp MyTimer.cpp OSD.cpp OsdNode.cpp Profile.cpp tinyxml2.cpp
         Area.cpp
         Camera.cpp
         FPS.cpp
         Function.cpp
         LunettesVideo.cpp
         main.cpp
         Matrix.cpp
         MyTimer.cpp
         OSD.cpp
         OsdNode.cpp
         Profile.cpp
         tinyxml2.cpp
         Génération de code en cours...
       Link:
         C:\Program Files (x86)\Microsoft Visual Studio 11.0\VC\bin\x86_amd64\link.exe /ERRORREPORT:PROMPT /OUT:"D:\LunettesVideo\x64\Debug\LunettesVideo.exe" /NOLOGO /LIBPATH:D:\LunettesVideo\lib\OpenCV /LIBPATH:D:\LunettesVideo\/lib/uEye /LIBPATH:D:\LunettesVideo\/lib/OpenCV opencv_core249d.lib opencv_features2d249d.lib opencv_nonfree249d.lib opencv_flann249d.lib opencv_gpu249d.lib opencv_highgui249d.lib opencv_imgproc249d.lib opencv_objdetect249d.lib opencv_calib3d249d.lib uEye_api_64.lib uEye_api.lib kernel32.lib user32.lib gdi32.lib winspool.lib comdlg32.lib advapi32.lib shell32.lib ole32.lib oleaut32.lib uuid.lib odbc32.lib odbccp32.lib /MANIFEST /MANIFESTUAC:"level='asInvoker' uiAccess='false'" /manifest:embed /DEBUG /PDB:"D:\LunettesVideo\x64\Debug\LunettesVideo.pdb" /TLBID:1 /DYNAMICBASE /NXCOMPAT /IMPLIB:"D:\LunettesVideo\x64\Debug\LunettesVideo.lib" /MACHINE:X64 x64\Debug\Area.obj
         x64\Debug\Camera.obj
         x64\Debug\FPS.obj
         x64\Debug\Function.obj
         x64\Debug\LunettesVideo.obj
         x64\Debug\main.obj
         x64\Debug\Matrix.obj
         x64\Debug\MyTimer.obj
         x64\Debug\OSD.obj
         x64\Debug\OsdNode.obj
         x64\Debug\Profile.obj
         x64\Debug\tinyxml2.obj
         LunettesVideo.vcxproj -> D:\LunettesVideo\x64\Debug\LunettesVideo.exe
     1>Génération du projet "D:\LunettesVideo\LunettesVideo\LunettesVideo.vcxproj" terminée (Rebuild cible(s)).

La génération a réussi.

Temps écoulé 00:00:10.31
