D:\LUNETTESVIDEO\LUNETTESVIDEO\X64\DEBUG\TINYXML2.OBJ
D:\LUNETTESVIDEO\LUNETTESVIDEO\X64\DEBUG\PROFILE.OBJ
D:\LUNETTESVIDEO\LUNETTESVIDEO\X64\DEBUG\OSDNODE.OBJ
D:\LUNETTESVIDEO\LUNETTESVIDEO\X64\DEBUG\OSD.OBJ
D:\LUNETTESVIDEO\LUNETTESVIDEO\X64\DEBUG\MYTIMER.OBJ
D:\LUNETTESVIDEO\LUNETTESVIDEO\X64\DEBUG\MATRIX.OBJ
D:\LUNETTESVIDEO\LUNETTESVIDEO\X64\DEBUG\MAIN.OBJ
D:\LUNETTESVIDEO\LUNETTESVIDEO\X64\DEBUG\LUNETTESVIDEO.OBJ
D:\LUNETTESVIDEO\LUNETTESVIDEO\X64\DEBUG\FUNCTION.OBJ
D:\LUNETTESVIDEO\LUNETTESVIDEO\X64\DEBUG\FPS.OBJ
D:\LUNETTESVIDEO\LUNETTESVIDEO\X64\DEBUG\CAMERA.OBJ
D:\LUNETTESVIDEO\LUNETTESVIDEO\X64\DEBUG\AREA.OBJ
D:\LUNETTESVIDEO\LUNETTESVIDEO\X64\DEBUG\VC110.PDB
D:\LUNETTESVIDEO\X64\DEBUG\LUNETTESVIDEO.ILK
D:\LUNETTESVIDEO\X64\DEBUG\LUNETTESVIDEO.EXE
D:\LUNETTESVIDEO\X64\DEBUG\LUNETTESVIDEO.PDB
D:\LunettesVideo\LunettesVideo\x64\Debug\Area.obj
D:\LunettesVideo\LunettesVideo\x64\Debug\Camera.obj
D:\LunettesVideo\LunettesVideo\x64\Debug\FPS.obj
D:\LunettesVideo\LunettesVideo\x64\Debug\Function.obj
D:\LunettesVideo\LunettesVideo\x64\Debug\LunettesVideo.obj
D:\LunettesVideo\LunettesVideo\x64\Debug\main.obj
D:\LunettesVideo\LunettesVideo\x64\Debug\Matrix.obj
D:\LunettesVideo\LunettesVideo\x64\Debug\MyTimer.obj
D:\LunettesVideo\LunettesVideo\x64\Debug\OSD.obj
D:\LunettesVideo\LunettesVideo\x64\Debug\OsdNode.obj
D:\LunettesVideo\LunettesVideo\x64\Debug\Profile.obj
D:\LunettesVideo\LunettesVideo\x64\Debug\tinyxml2.obj
D:\LunettesVideo\LunettesVideo\x64\Debug\cl.command.1.tlog
D:\LunettesVideo\LunettesVideo\x64\Debug\CL.read.1.tlog
D:\LunettesVideo\LunettesVideo\x64\Debug\CL.write.1.tlog
D:\LunettesVideo\LunettesVideo\x64\Debug\link-cvtres.read.1.tlog
D:\LunettesVideo\LunettesVideo\x64\Debug\link-cvtres.write.1.tlog
D:\LunettesVideo\LunettesVideo\x64\Debug\link-rc.read.1.tlog
D:\LunettesVideo\LunettesVideo\x64\Debug\link-rc.write.1.tlog
D:\LunettesVideo\LunettesVideo\x64\Debug\link.4020-cvtres.read.1.tlog
D:\LunettesVideo\LunettesVideo\x64\Debug\link.4020-cvtres.write.1.tlog
D:\LunettesVideo\LunettesVideo\x64\Debug\link.4020-rc.read.1.tlog
D:\LunettesVideo\LunettesVideo\x64\Debug\link.4020-rc.write.1.tlog
D:\LunettesVideo\LunettesVideo\x64\Debug\link.4020.read.1.tlog
D:\LunettesVideo\LunettesVideo\x64\Debug\link.4020.write.1.tlog
D:\LunettesVideo\LunettesVideo\x64\Debug\link.command.1.tlog
D:\LunettesVideo\LunettesVideo\x64\Debug\link.read.1.tlog
D:\LunettesVideo\LunettesVideo\x64\Debug\link.write.1.tlog
D:\LunettesVideo\LunettesVideo\x64\Debug\vc110.pdb
D:\LunettesVideo\x64\Debug\LunettesVideo.pdb
D:\LunettesVideo\x64\Debug\LunettesVideo.exe
D:\LunettesVideo\x64\Debug\LunettesVideo.ilk
