La génération a démarré 27/04/2015 08:58:25.
     1>Projet "C:\Users\Bergil\Stage Lunette - version Windows\Stage-LunettesVideo\Projet Visual\LunettesVideo\LunettesVideo\LunettesVideo.vcxproj" sur le nœud 2 (Build cible(s)).
     1>ClCompile:
         C:\Program Files (x86)\Microsoft Visual Studio 12.0\VC\bin\x86_amd64\CL.exe /c /IC:\Ceemple\OpenCV4VS\include /I"C:\Users\Bergil\Stage Lunette - version Windows\Stage-LunettesVideo\include\uEye" /Zi /nologo /W1 /WX- /O2 /Gm- /EHsc /MD /GS /fp:precise /Zc:wchar_t /Zc:forScope /Fo"x64\Debug\\" /Fd"x64\Debug\vc120.pdb" /Gd /TP /errorReport:prompt ..\..\..\src\Area.cpp
         Area.cpp
       Link:
         C:\Program Files (x86)\Microsoft Visual Studio 12.0\VC\bin\x86_amd64\link.exe /ERRORREPORT:PROMPT /OUT:"C:\Users\Bergil\Stage Lunette - version Windows\Stage-LunettesVideo\Projet Visual\LunettesVideo\x64\Debug\LunettesVideo.exe" /NOLOGO /LIBPATH:C:\Ceemple\OpenCV4VS\lib /LIBPATH:"C:\Users\Bergil\Stage Lunette - version Windows\Stage-LunettesVideo\lib\uEye" opencv_core300.lib opencv_core300d.lib opencv_cuda300.lib opencv_cuda300d.lib opencv_cudaarithm300.lib opencv_cudaarithm300d.lib opencv_cudabgsegm300.lib opencv_cudabgsegm300d.lib opencv_cudacodec300.lib opencv_cudacodec300d.lib opencv_cudafeatures2d300.lib opencv_cudafeatures2d300d.lib opencv_cudafilters300.lib opencv_cudafilters300d.lib opencv_cudaimgproc300.lib opencv_cudaimgproc300d.lib opencv_cudalegacy300.lib opencv_cudalegacy300d.lib opencv_cudaoptflow300.lib opencv_cudaoptflow300d.lib opencv_cudastereo300.lib opencv_cudastereo300d.lib opencv_cudawarping300.lib opencv_cudawarping300d.lib opencv_cudev300.lib opencv_cudev300d.lib opencv_features2d300.lib opencv_features2d300d.lib opencv_flann300.lib opencv_flann300d.lib opencv_highgui300.lib opencv_highgui300d.lib opencv_imgcodecs300.lib opencv_imgcodecs300d.lib opencv_imgproc300.lib opencv_photo300.lib opencv_photo300d.lib uEye_api_64.lib uEye_api.lib uEye_tools.lib uEye_tools_64.lib kernel32.lib user32.lib gdi32.lib winspool.lib comdlg32.lib advapi32.lib shell32.lib ole32.lib oleaut32.lib uuid.lib odbc32.lib odbccp32.lib /MANIFEST /MANIFESTUAC:"level='asInvoker' uiAccess='false'" /manifest:embed /PDB:"C:\Users\Bergil\Stage Lunette - version Windows\Stage-LunettesVideo\Projet Visual\LunettesVideo\x64\Debug\LunettesVideo.pdb" /TLBID:1 /DYNAMICBASE /NXCOMPAT /IMPLIB:"C:\Users\Bergil\Stage Lunette - version Windows\Stage-LunettesVideo\Projet Visual\LunettesVideo\x64\Debug\LunettesVideo.lib" /MACHINE:X64 x64\Debug\Area.obj
         x64\Debug\Camera.obj
         x64\Debug\FPS.obj
         x64\Debug\Function.obj
         x64\Debug\LunettesVideo.obj
         x64\Debug\main.obj
         x64\Debug\Matrix.obj
         x64\Debug\MyTimer.obj
         x64\Debug\OSD.obj
         x64\Debug\OsdNode.obj
         x64\Debug\Profile.obj
         x64\Debug\tinyxml2.obj
         LunettesVideo.vcxproj -> C:\Users\Bergil\Stage Lunette - version Windows\Stage-LunettesVideo\Projet Visual\LunettesVideo\x64\Debug\LunettesVideo.exe
     1>Génération du projet "C:\Users\Bergil\Stage Lunette - version Windows\Stage-LunettesVideo\Projet Visual\LunettesVideo\LunettesVideo\LunettesVideo.vcxproj" terminée (Build cible(s)).

La génération a réussi.

Temps écoulé 00:00:01.39
