c:\users\bergil\stage lunette - version windows\stage-lunettesvideo\projet visual\lunettesvideo\lunettesvideo\debug\vc120.pdb
c:\users\bergil\stage lunette - version windows\stage-lunettesvideo\projet visual\lunettesvideo\lunettesvideo\debug\vc120.idb
c:\users\bergil\stage lunette - version windows\stage-lunettesvideo\projet visual\lunettesvideo\lunettesvideo\debug\area.obj
c:\users\bergil\stage lunette - version windows\stage-lunettesvideo\projet visual\lunettesvideo\lunettesvideo\debug\camera.obj
c:\users\bergil\stage lunette - version windows\stage-lunettesvideo\projet visual\lunettesvideo\lunettesvideo\debug\fps.obj
c:\users\bergil\stage lunette - version windows\stage-lunettesvideo\projet visual\lunettesvideo\lunettesvideo\debug\function.obj
c:\users\bergil\stage lunette - version windows\stage-lunettesvideo\projet visual\lunettesvideo\lunettesvideo\debug\lunettesvideo.obj
c:\users\bergil\stage lunette - version windows\stage-lunettesvideo\projet visual\lunettesvideo\lunettesvideo\debug\main.obj
c:\users\bergil\stage lunette - version windows\stage-lunettesvideo\projet visual\lunettesvideo\lunettesvideo\debug\matrix.obj
c:\users\bergil\stage lunette - version windows\stage-lunettesvideo\projet visual\lunettesvideo\lunettesvideo\debug\mytimer.obj
c:\users\bergil\stage lunette - version windows\stage-lunettesvideo\projet visual\lunettesvideo\lunettesvideo\debug\osd.obj
c:\users\bergil\stage lunette - version windows\stage-lunettesvideo\projet visual\lunettesvideo\lunettesvideo\debug\osdnode.obj
c:\users\bergil\stage lunette - version windows\stage-lunettesvideo\projet visual\lunettesvideo\lunettesvideo\debug\profile.obj
c:\users\bergil\stage lunette - version windows\stage-lunettesvideo\projet visual\lunettesvideo\lunettesvideo\debug\tinyxml2.obj
c:\users\bergil\stage lunette - version windows\stage-lunettesvideo\projet visual\lunettesvideo\debug\lunettesvideo.pdb
c:\users\bergil\stage lunette - version windows\stage-lunettesvideo\projet visual\lunettesvideo\lunettesvideo\debug\lunettesvideo.tlog\cl.command.1.tlog
c:\users\bergil\stage lunette - version windows\stage-lunettesvideo\projet visual\lunettesvideo\lunettesvideo\debug\lunettesvideo.tlog\cl.read.1.tlog
c:\users\bergil\stage lunette - version windows\stage-lunettesvideo\projet visual\lunettesvideo\lunettesvideo\debug\lunettesvideo.tlog\cl.write.1.tlog
c:\users\bergil\stage lunette - version windows\stage-lunettesvideo\projet visual\lunettesvideo\lunettesvideo\debug\lunettesvideo.tlog\link-cvtres.read.1.tlog
c:\users\bergil\stage lunette - version windows\stage-lunettesvideo\projet visual\lunettesvideo\lunettesvideo\debug\lunettesvideo.tlog\link-cvtres.write.1.tlog
c:\users\bergil\stage lunette - version windows\stage-lunettesvideo\projet visual\lunettesvideo\lunettesvideo\debug\lunettesvideo.tlog\link-rc.read.1.tlog
c:\users\bergil\stage lunette - version windows\stage-lunettesvideo\projet visual\lunettesvideo\lunettesvideo\debug\lunettesvideo.tlog\link-rc.write.1.tlog
c:\users\bergil\stage lunette - version windows\stage-lunettesvideo\projet visual\lunettesvideo\lunettesvideo\debug\lunettesvideo.tlog\link.command.1.tlog
c:\users\bergil\stage lunette - version windows\stage-lunettesvideo\projet visual\lunettesvideo\lunettesvideo\debug\lunettesvideo.tlog\link.read.1.tlog
c:\users\bergil\stage lunette - version windows\stage-lunettesvideo\projet visual\lunettesvideo\lunettesvideo\debug\lunettesvideo.tlog\link.write.1.tlog
